<?xml version="1.0" encoding="UTF-8"?>
<!-- Generated by org.testng.reporters.JUnitReportReporter -->
<testsuite skipped="0" hostname="NetPC" name="Qaclickacademy.AppiumTest" tests="2" failures="0" timestamp="2019-11-17T10:44:05 CST" time="0.002" errors="0">
  <testcase name="IOSApp" time="0.001" classname="Qaclickacademy.AppiumTest"/>
  <testcase name="nativeAPpAndroid" time="0.001" classname="Qaclickacademy.AppiumTest"/>
</testsuite> <!-- Qaclickacademy.AppiumTest -->
