<?xml version="1.0" encoding="UTF-8"?>
<!-- Generated by org.testng.reporters.JUnitReportReporter -->
<testsuite skipped="0" hostname="NetPC" name="Qaclickacademy.RESTAPITest" tests="2" failures="0" timestamp="2019-11-17T10:44:05 CST" time="0.002" errors="0">
  <testcase name="deleteTwiter" time="0.001" classname="Qaclickacademy.RESTAPITest"/>
  <testcase name="postJira" time="0.001" classname="Qaclickacademy.RESTAPITest"/>
</testsuite> <!-- Qaclickacademy.RESTAPITest -->
