<?xml version="1.0" encoding="UTF-8"?>
<!-- Generated by org.testng.reporters.JUnitReportReporter -->
<testsuite skipped="0" hostname="NetPC" name="Qaclickacademy.SeleniumTest" tests="2" failures="0" timestamp="2019-11-17T10:44:05 CST" time="0.016" errors="0">
  <testcase name="BrowserAutomation" time="0.015" classname="Qaclickacademy.SeleniumTest"/>
  <testcase name="ElementsUi" time="0.001" classname="Qaclickacademy.SeleniumTest"/>
</testsuite> <!-- Qaclickacademy.SeleniumTest -->
