<?xml version="1.0" encoding="UTF-8"?>
<!-- Generated by org.testng.reporters.JUnitReportReporter -->
<testsuite hostname="NetPC" failures="0" tests="2" name="Qaclickacademy.AppiumTest" time="0.009" errors="0" timestamp="2019-11-18T11:34:00 CST" skipped="0">
  <testcase classname="Qaclickacademy.AppiumTest" name="IOSApp" time="0.008"/>
  <testcase classname="Qaclickacademy.AppiumTest" name="nativeAPpAndroid" time="0.001"/>
</testsuite> <!-- Qaclickacademy.AppiumTest -->
