<?xml version="1.0" encoding="UTF-8"?>
<!-- Generated by org.testng.reporters.JUnitReportReporter -->
<testsuite hostname="NetPC" failures="0" tests="2" name="Qaclickacademy.RESTAPITest" time="0.000" errors="0" timestamp="2019-11-18T11:34:00 CST" skipped="0">
  <testcase classname="Qaclickacademy.RESTAPITest" name="deleteTwiter" time="0.000"/>
  <testcase classname="Qaclickacademy.RESTAPITest" name="postJira" time="0.000"/>
</testsuite> <!-- Qaclickacademy.RESTAPITest -->
