<?xml version="1.0" encoding="UTF-8"?>
<!-- Generated by org.testng.reporters.JUnitReportReporter -->
<testsuite hostname="NetPC" failures="0" tests="2" name="Qaclickacademy.SeleniumTest" time="0.002" errors="0" timestamp="2019-11-18T11:34:00 CST" skipped="0">
  <testcase classname="Qaclickacademy.SeleniumTest" name="BrowserAutomation" time="0.001"/>
  <testcase classname="Qaclickacademy.SeleniumTest" name="ElementsUi" time="0.001"/>
</testsuite> <!-- Qaclickacademy.SeleniumTest -->
